Arguments: 
  /usr/bin/node /usr/share/yarn/bin/yarn.js init

PATH: 
  /usr/local/sbin:/usr/local/bin:/usr/sbin:/usr/bin:/sbin:/bin:/usr/games:/usr/local/games:/snap/bin:/home/mky/Android/Sdk/tools:/home/mky/Android/Sdk/platform-tools

Yarn version: 
  1.12.3

Node version: 
  9.11.2

Platform: 
  linux x64

Trace: 
  Error: canceled
      at Interface.<anonymous> (/usr/share/yarn/lib/cli.js:125278:13)
      at Interface.emit (events.js:180:13)
      at Interface._ttyWrite (readline.js:783:16)
      at ReadStream.onkeypress (readline.js:163:10)
      at ReadStream.emit (events.js:180:13)
      at emitKeys (internal/readline.js:422:14)
      at emitKeys.next (<anonymous>)
      at ReadStream.onData (readline.js:1019:36)
      at ReadStream.emit (events.js:180:13)
      at addChunk (_stream_readable.js:274:12)

npm manifest: 
  No manifest

yarn manifest: 
  No manifest

Lockfile: 
  No lockfile
